"2023-12-26 23:41:24,382 INFO  [restartedMain] com.project.StudentManagementApplication:Starting StudentManagementApplication using Java 17.0.9 on Mehmet with PID 7648 (C:\Users\HP\Desktop\StudentManagement\target\classes started by HP in C:\Users\HP\Desktop\StudentManagement)
""2023-12-26 23:41:24,399 INFO  [restartedMain] com.project.StudentManagementApplication:No active profile set, falling back to 1 default profile: "default"
""2023-12-26 23:41:24,592 INFO  [restartedMain] org.springframework.boot.devtools.env.DevToolsPropertyDefaultsPostProcessor:Devtools property defaults active! Set 'spring.devtools.add-properties' to 'false' to disable
""2023-12-26 23:41:24,593 INFO  [restartedMain] org.springframework.boot.devtools.env.DevToolsPropertyDefaultsPostProcessor:For additional web related logging consider setting the 'logging.level.web' property to 'DEBUG'
""2023-12-26 23:41:26,334 INFO  [restartedMain] org.springframework.data.repository.config.RepositoryConfigurationDelegate:Bootstrapping Spring Data JPA repositories in DEFAULT mode.
""2023-12-26 23:41:26,558 INFO  [restartedMain] org.springframework.data.repository.config.RepositoryConfigurationDelegate:Finished Spring Data repository scanning in 203 ms. Found 8 JPA repository interfaces.
""2023-12-26 23:41:27,897 INFO  [restartedMain] org.springframework.boot.web.embedded.tomcat.TomcatWebServer:Tomcat initialized with port(s): 8080 (http)
""2023-12-26 23:41:27,912 INFO  [restartedMain] org.apache.catalina.core.StandardService:Starting service [Tomcat]
""2023-12-26 23:41:27,913 INFO  [restartedMain] org.apache.catalina.core.StandardEngine:Starting Servlet engine: [Apache Tomcat/9.0.68]
""2023-12-26 23:41:28,078 INFO  [restartedMain] org.apache.catalina.core.ContainerBase.[Tomcat].[localhost].[/]:Initializing Spring embedded WebApplicationContext
""2023-12-26 23:41:28,079 INFO  [restartedMain] org.springframework.boot.web.servlet.context.ServletWebServerApplicationContext:Root WebApplicationContext: initialization completed in 3484 ms
""2023-12-26 23:41:28,387 INFO  [restartedMain] org.hibernate.jpa.internal.util.LogHelper:HHH000204: Processing PersistenceUnitInfo [name: default]
""2023-12-26 23:41:28,523 INFO  [restartedMain] org.hibernate.Version:HHH000412: Hibernate ORM core version 5.6.12.Final
""2023-12-26 23:41:28,898 INFO  [restartedMain] org.hibernate.annotations.common.Version:HCANN000001: Hibernate Commons Annotations {5.1.2.Final}
""2023-12-26 23:41:29,135 INFO  [restartedMain] com.zaxxer.hikari.HikariDataSource:HikariPool-1 - Starting...
""2023-12-26 23:41:29,942 INFO  [restartedMain] com.zaxxer.hikari.HikariDataSource:HikariPool-1 - Start completed.
""2023-12-26 23:41:29,999 INFO  [restartedMain] org.hibernate.dialect.Dialect:HHH000400: Using dialect: org.hibernate.dialect.PostgreSQL81Dialect
""2023-12-26 23:41:32,143 INFO  [restartedMain] org.hibernate.engine.transaction.jta.platform.internal.JtaPlatformInitiator:HHH000490: Using JtaPlatform implementation: [org.hibernate.engine.transaction.jta.platform.internal.NoJtaPlatform]
""2023-12-26 23:41:32,153 INFO  [restartedMain] org.springframework.orm.jpa.LocalContainerEntityManagerFactoryBean:Initialized JPA EntityManagerFactory for persistence unit 'default'
""2023-12-26 23:41:34,153 WARN  [restartedMain] org.springframework.boot.autoconfigure.orm.jpa.JpaBaseConfiguration$JpaWebConfiguration:spring.jpa.open-in-view is enabled by default. Therefore, database queries may be performed during view rendering. Explicitly configure spring.jpa.open-in-view to disable this warning
""2023-12-26 23:41:35,407 INFO  [restartedMain] org.springframework.security.web.DefaultSecurityFilterChain:Will secure any request with [org.springframework.security.web.session.DisableEncodeUrlFilter@3b6d092a, org.springframework.security.web.context.request.async.WebAsyncManagerIntegrationFilter@5b54723a, org.springframework.security.web.context.SecurityContextPersistenceFilter@29454710, org.springframework.security.web.header.HeaderWriterFilter@76e4ab38, org.springframework.web.filter.CorsFilter@53fb993c, org.springframework.security.web.authentication.logout.LogoutFilter@13e68c48, com.project.security.jwt.AuthTokenFilter@2280237, org.springframework.security.web.savedrequest.RequestCacheAwareFilter@bdf664b, org.springframework.security.web.servletapi.SecurityContextHolderAwareRequestFilter@36a93bbd, org.springframework.security.web.authentication.AnonymousAuthenticationFilter@1fdaa2af, org.springframework.security.web.session.SessionManagementFilter@38312615, org.springframework.security.web.access.ExceptionTranslationFilter@26a02207, org.springframework.security.web.access.intercept.FilterSecurityInterceptor@7bf37548]
""2023-12-26 23:41:35,881 INFO  [restartedMain] org.springframework.boot.devtools.autoconfigure.OptionalLiveReloadServer:LiveReload server is running on port 35729
""2023-12-26 23:41:35,935 INFO  [restartedMain] org.springframework.boot.web.embedded.tomcat.TomcatWebServer:Tomcat started on port(s): 8080 (http) with context path ''
""2023-12-26 23:41:35,960 INFO  [restartedMain] com.project.StudentManagementApplication:Started StudentManagementApplication in 12.385 seconds (JVM running for 13.781)
""2023-12-26 23:51:11,578 INFO  [SpringApplicationShutdownHook] org.springframework.orm.jpa.LocalContainerEntityManagerFactoryBean:Closing JPA EntityManagerFactory for persistence unit 'default'
""2023-12-26 23:51:11,592 INFO  [SpringApplicationShutdownHook] com.zaxxer.hikari.HikariDataSource:HikariPool-1 - Shutdown initiated...
""2023-12-26 23:51:11,609 INFO  [SpringApplicationShutdownHook] com.zaxxer.hikari.HikariDataSource:HikariPool-1 - Shutdown completed.
"